<?xml version="1.0" encoding="UTF-8"?>
<!-- Generated by org.testng.reporters.JUnitReportReporter -->
<testsuite hostname="DESKTOP-CKB2PF8" failures="0" tests="1" name="com.google.Example" time="8.557" errors="0" timestamp="18 abr. 2023 23:11:24 GMT" skipped="0">
  <testcase classname="com.google.Example" name="googleTest" time="8.557"/>
</testsuite> <!-- com.google.Example -->
